[debug] [2018-02-25T09:18:25.529Z] ----------------------------------------------------------------------
[debug] [2018-02-25T09:18:25.532Z] Command:       /usr/local/Cellar/node/9.6.1/bin/node /usr/local/bin/firebase serve
[debug] [2018-02-25T09:18:25.532Z] CLI Version:   3.17.4
[debug] [2018-02-25T09:18:25.532Z] Platform:      darwin
[debug] [2018-02-25T09:18:25.532Z] Node Version:  v9.6.1
[debug] [2018-02-25T09:18:25.533Z] Time:          Sun Feb 25 2018 03:18:25 GMT-0600 (CST)
[debug] [2018-02-25T09:18:25.533Z] ----------------------------------------------------------------------
[debug] 
[debug] [2018-02-25T09:18:25.567Z] > command requires scopes: ["email","openid","https://www.googleapis.com/auth/cloudplatformprojects.readonly","https://www.googleapis.com/auth/firebase","https://www.googleapis.com/auth/cloud-platform"]
[debug] [2018-02-25T09:18:25.567Z] > authorizing via signed-in user
[debug] [2018-02-25T09:18:25.570Z] > refreshing access token with scopes: ["email","https://www.googleapis.com/auth/cloud-platform","https://www.googleapis.com/auth/cloudplatformprojects.readonly","https://www.googleapis.com/auth/firebase","openid"]
[debug] [2018-02-25T09:18:25.571Z] >>> HTTP REQUEST POST https://www.googleapis.com/oauth2/v3/token  
 { refresh_token: '1/fEBjzi6jcfxBNA3Lyo2Sx05Y7V3hqXetSnd3de5ZUZM',
  client_id: '563584335869-fgrhgmd47bqnekij5i8b5pr03ho849e6.apps.googleusercontent.com',
  client_secret: 'j9iVZfS8kkCEFUPaAeJV0sAi',
  grant_type: 'refresh_token',
  scope: 'email https://www.googleapis.com/auth/cloud-platform https://www.googleapis.com/auth/cloudplatformprojects.readonly https://www.googleapis.com/auth/firebase openid' } 
 Sun Feb 25 2018 03:18:25 GMT-0600 (CST)
[debug] [2018-02-25T09:18:25.779Z] <<< HTTP RESPONSE 200
[debug] [2018-02-25T09:18:25.812Z] >>> HTTP REQUEST GET https://admin.firebase.com/v1/projects/roundup-e2ebb  
  
 Sun Feb 25 2018 03:18:25 GMT-0600 (CST)
[debug] [2018-02-25T09:18:26.038Z] <<< HTTP RESPONSE 200
[debug] [2018-02-25T09:18:26.039Z] >>> HTTP REQUEST GET https://admin.firebase.com/v1/database/roundup-e2ebb/tokens  
  
 Sun Feb 25 2018 03:18:26 GMT-0600 (CST)
[debug] [2018-02-25T09:18:26.352Z] <<< HTTP RESPONSE 200
[info] 
[info] === Serving from '/Users/levivillarreal/Desktop/RoundUp'...
[info] 
[debug] [2018-02-25T09:18:26.357Z] >>> HTTP REQUEST GET https://cloudresourcemanager.googleapis.com/v1/projects/roundup-e2ebb  
  
 Sun Feb 25 2018 03:18:26 GMT-0600 (CST)
[debug] [2018-02-25T09:18:26.577Z] <<< HTTP RESPONSE 200
[debug] [2018-02-25T09:18:26.578Z] >>> HTTP REQUEST GET https://mobilesdk-pa.googleapis.com/v1/projects/76383249744/clients/_:getWebAppConfig  
  
 Sun Feb 25 2018 03:18:26 GMT-0600 (CST)
[debug] [2018-02-25T09:18:26.847Z] <<< HTTP RESPONSE 200
[debug] [2018-02-25T09:18:26.959Z] TypeError: Cannot read property 'public' of undefined
    at Server.<anonymous> (/usr/local/lib/node_modules/firebase-tools/lib/serve/hosting.js:34:18)
    at Object.onceWrapper (events.js:219:13)
    at Server.emit (events.js:127:13)
    at Server.emit (domain.js:421:20)
    at emitListeningNT (net.js:1380:10)
    at process._tickCallback (internal/process/next_tick.js:152:19)
[error] 
[error] Error: An unexpected error has occurred.
[debug] [2018-02-25T09:18:30.643Z] ----------------------------------------------------------------------
[debug] [2018-02-25T09:18:30.647Z] Command:       /usr/local/Cellar/node/9.6.1/bin/node /usr/local/bin/firebase serve
[debug] [2018-02-25T09:18:30.647Z] CLI Version:   3.17.4
[debug] [2018-02-25T09:18:30.647Z] Platform:      darwin
[debug] [2018-02-25T09:18:30.647Z] Node Version:  v9.6.1
[debug] [2018-02-25T09:18:30.648Z] Time:          Sun Feb 25 2018 03:18:30 GMT-0600 (CST)
[debug] [2018-02-25T09:18:30.648Z] ----------------------------------------------------------------------
[debug] 
[debug] [2018-02-25T09:18:30.661Z] > command requires scopes: ["email","openid","https://www.googleapis.com/auth/cloudplatformprojects.readonly","https://www.googleapis.com/auth/firebase","https://www.googleapis.com/auth/cloud-platform"]
[debug] [2018-02-25T09:18:30.661Z] > authorizing via signed-in user
[debug] [2018-02-25T09:18:30.664Z] >>> HTTP REQUEST GET https://admin.firebase.com/v1/projects/roundup-e2ebb  
  
 Sun Feb 25 2018 03:18:30 GMT-0600 (CST)
[debug] [2018-02-25T09:18:30.916Z] <<< HTTP RESPONSE 200
[debug] [2018-02-25T09:18:30.917Z] >>> HTTP REQUEST GET https://admin.firebase.com/v1/database/roundup-e2ebb/tokens  
  
 Sun Feb 25 2018 03:18:30 GMT-0600 (CST)
[debug] [2018-02-25T09:18:31.230Z] <<< HTTP RESPONSE 200
[info] 
[info] === Serving from '/Users/levivillarreal/Desktop/RoundUp'...
[info] 
[debug] [2018-02-25T09:18:31.235Z] >>> HTTP REQUEST GET https://cloudresourcemanager.googleapis.com/v1/projects/roundup-e2ebb  
  
 Sun Feb 25 2018 03:18:31 GMT-0600 (CST)
[debug] [2018-02-25T09:18:31.382Z] <<< HTTP RESPONSE 200
[debug] [2018-02-25T09:18:31.383Z] >>> HTTP REQUEST GET https://mobilesdk-pa.googleapis.com/v1/projects/76383249744/clients/_:getWebAppConfig  
  
 Sun Feb 25 2018 03:18:31 GMT-0600 (CST)
[debug] [2018-02-25T09:18:31.700Z] <<< HTTP RESPONSE 200
[debug] [2018-02-25T09:18:31.724Z] TypeError: Cannot read property 'public' of undefined
    at Server.<anonymous> (/usr/local/lib/node_modules/firebase-tools/lib/serve/hosting.js:34:18)
    at Object.onceWrapper (events.js:219:13)
    at Server.emit (events.js:127:13)
    at Server.emit (domain.js:421:20)
    at emitListeningNT (net.js:1380:10)
    at process._tickCallback (internal/process/next_tick.js:152:19)
[error] 
[error] Error: An unexpected error has occurred.
[debug] [2018-02-25T09:21:16.020Z] ----------------------------------------------------------------------
[debug] [2018-02-25T09:21:16.025Z] Command:       /usr/local/Cellar/node/9.6.1/bin/node /usr/local/bin/firebase serve
[debug] [2018-02-25T09:21:16.025Z] CLI Version:   3.17.4
[debug] [2018-02-25T09:21:16.025Z] Platform:      darwin
[debug] [2018-02-25T09:21:16.025Z] Node Version:  v9.6.1
[debug] [2018-02-25T09:21:16.026Z] Time:          Sun Feb 25 2018 03:21:16 GMT-0600 (CST)
[debug] [2018-02-25T09:21:16.026Z] ----------------------------------------------------------------------
[debug] 
[debug] [2018-02-25T09:21:16.047Z] > command requires scopes: ["email","openid","https://www.googleapis.com/auth/cloudplatformprojects.readonly","https://www.googleapis.com/auth/firebase","https://www.googleapis.com/auth/cloud-platform"]
[debug] [2018-02-25T09:21:16.047Z] > authorizing via signed-in user
[debug] [2018-02-25T09:21:16.050Z] >>> HTTP REQUEST GET https://admin.firebase.com/v1/projects/roundup-e2ebb  
  
 Sun Feb 25 2018 03:21:16 GMT-0600 (CST)
[debug] [2018-02-25T09:21:16.402Z] <<< HTTP RESPONSE 200
[debug] [2018-02-25T09:21:16.405Z] >>> HTTP REQUEST GET https://admin.firebase.com/v1/database/roundup-e2ebb/tokens  
  
 Sun Feb 25 2018 03:21:16 GMT-0600 (CST)
[debug] [2018-02-25T09:21:17.004Z] <<< HTTP RESPONSE 200
[info] 
[info] === Serving from '/Users/levivillarreal/Desktop/RoundUp'...
[info] 
[debug] [2018-02-25T09:21:17.009Z] >>> HTTP REQUEST GET https://cloudresourcemanager.googleapis.com/v1/projects/roundup-e2ebb  
  
 Sun Feb 25 2018 03:21:17 GMT-0600 (CST)
[debug] [2018-02-25T09:21:17.144Z] <<< HTTP RESPONSE 200
[debug] [2018-02-25T09:21:17.145Z] >>> HTTP REQUEST GET https://mobilesdk-pa.googleapis.com/v1/projects/76383249744/clients/_:getWebAppConfig  
  
 Sun Feb 25 2018 03:21:17 GMT-0600 (CST)
[debug] [2018-02-25T09:21:17.435Z] <<< HTTP RESPONSE 200
[info] i  hosting: Serving hosting files from: app
[info] ✔  hosting: Local server: http://localhost:5000

[debug] [2018-02-25T09:47:08.764Z] ----------------------------------------------------------------------
[debug] [2018-02-25T09:47:08.767Z] Command:       /usr/local/Cellar/node/9.6.1/bin/node /usr/local/bin/firebase serve -p 5000 -o 127.0.0.1
[debug] [2018-02-25T09:47:08.767Z] CLI Version:   3.17.4
[debug] [2018-02-25T09:47:08.767Z] Platform:      darwin
[debug] [2018-02-25T09:47:08.767Z] Node Version:  v9.6.1
[debug] [2018-02-25T09:47:08.768Z] Time:          Sun Feb 25 2018 03:47:08 GMT-0600 (CST)
[debug] [2018-02-25T09:47:08.768Z] ----------------------------------------------------------------------
[debug] 
[debug] [2018-02-25T09:47:08.784Z] > command requires scopes: ["email","openid","https://www.googleapis.com/auth/cloudplatformprojects.readonly","https://www.googleapis.com/auth/firebase","https://www.googleapis.com/auth/cloud-platform"]
[debug] [2018-02-25T09:47:08.785Z] > authorizing via signed-in user
[debug] [2018-02-25T09:47:08.787Z] >>> HTTP REQUEST GET https://admin.firebase.com/v1/projects/roundup-e2ebb  
  
 Sun Feb 25 2018 03:47:08 GMT-0600 (CST)
[debug] [2018-02-25T09:47:09.163Z] <<< HTTP RESPONSE 200
[debug] [2018-02-25T09:47:09.165Z] >>> HTTP REQUEST GET https://admin.firebase.com/v1/database/roundup-e2ebb/tokens  
  
 Sun Feb 25 2018 03:47:09 GMT-0600 (CST)
[debug] [2018-02-25T09:47:09.548Z] <<< HTTP RESPONSE 200
[info] 
[info] === Serving from '/Users/levivillarreal/Desktop/RoundUp'...
[info] 
[debug] [2018-02-25T09:47:09.552Z] >>> HTTP REQUEST GET https://cloudresourcemanager.googleapis.com/v1/projects/roundup-e2ebb  
  
 Sun Feb 25 2018 03:47:09 GMT-0600 (CST)
[debug] [2018-02-25T09:47:09.687Z] <<< HTTP RESPONSE 200
[debug] [2018-02-25T09:47:09.687Z] >>> HTTP REQUEST GET https://mobilesdk-pa.googleapis.com/v1/projects/76383249744/clients/_:getWebAppConfig  
  
 Sun Feb 25 2018 03:47:09 GMT-0600 (CST)
[debug] [2018-02-25T09:47:09.925Z] <<< HTTP RESPONSE 200
[info] i  hosting: Serving hosting files from: public
[info] ✔  hosting: Local server: http://127.0.0.1:5000

[debug] [2018-02-25T15:44:12.986Z] ----------------------------------------------------------------------
[debug] [2018-02-25T15:44:12.989Z] Command:       /usr/local/Cellar/node/9.6.1/bin/node /usr/local/bin/firebase serve
[debug] [2018-02-25T15:44:12.990Z] CLI Version:   3.17.4
[debug] [2018-02-25T15:44:12.990Z] Platform:      darwin
[debug] [2018-02-25T15:44:12.990Z] Node Version:  v9.6.1
[debug] [2018-02-25T15:44:12.991Z] Time:          Sun Feb 25 2018 09:44:12 GMT-0600 (CST)
[debug] [2018-02-25T15:44:12.991Z] ----------------------------------------------------------------------
[debug] 
[debug] [2018-02-25T15:44:13.029Z] > command requires scopes: ["email","openid","https://www.googleapis.com/auth/cloudplatformprojects.readonly","https://www.googleapis.com/auth/firebase","https://www.googleapis.com/auth/cloud-platform"]
[debug] [2018-02-25T15:44:13.029Z] > authorizing via signed-in user
[debug] [2018-02-25T15:44:13.045Z] > refreshing access token with scopes: ["email","https://www.googleapis.com/auth/cloud-platform","https://www.googleapis.com/auth/cloudplatformprojects.readonly","https://www.googleapis.com/auth/firebase","openid"]
[debug] [2018-02-25T15:44:13.046Z] >>> HTTP REQUEST POST https://www.googleapis.com/oauth2/v3/token  
 { refresh_token: '1/fEBjzi6jcfxBNA3Lyo2Sx05Y7V3hqXetSnd3de5ZUZM',
  client_id: '563584335869-fgrhgmd47bqnekij5i8b5pr03ho849e6.apps.googleusercontent.com',
  client_secret: 'j9iVZfS8kkCEFUPaAeJV0sAi',
  grant_type: 'refresh_token',
  scope: 'email https://www.googleapis.com/auth/cloud-platform https://www.googleapis.com/auth/cloudplatformprojects.readonly https://www.googleapis.com/auth/firebase openid' } 
 Sun Feb 25 2018 09:44:13 GMT-0600 (CST)
[debug] [2018-02-25T15:44:13.218Z] <<< HTTP RESPONSE 200
[debug] [2018-02-25T15:44:13.245Z] >>> HTTP REQUEST GET https://admin.firebase.com/v1/projects/roundup-e2ebb  
  
 Sun Feb 25 2018 09:44:13 GMT-0600 (CST)
[debug] [2018-02-25T15:44:13.604Z] <<< HTTP RESPONSE 200
[debug] [2018-02-25T15:44:13.605Z] >>> HTTP REQUEST GET https://admin.firebase.com/v1/database/roundup-e2ebb/tokens  
  
 Sun Feb 25 2018 09:44:13 GMT-0600 (CST)
[debug] [2018-02-25T15:44:13.851Z] <<< HTTP RESPONSE 200
[info] 
[info] === Serving from '/Users/levivillarreal/Desktop/RoundUp'...
[info] 
[debug] [2018-02-25T15:44:13.855Z] >>> HTTP REQUEST GET https://cloudresourcemanager.googleapis.com/v1/projects/roundup-e2ebb  
  
 Sun Feb 25 2018 09:44:13 GMT-0600 (CST)
[debug] [2018-02-25T15:44:14.057Z] <<< HTTP RESPONSE 200
[debug] [2018-02-25T15:44:14.057Z] >>> HTTP REQUEST GET https://mobilesdk-pa.googleapis.com/v1/projects/76383249744/clients/_:getWebAppConfig  
  
 Sun Feb 25 2018 09:44:14 GMT-0600 (CST)
[debug] [2018-02-25T15:44:14.403Z] <<< HTTP RESPONSE 200
[info] i  hosting: Serving hosting files from: public
[info] ✔  hosting: Local server: http://localhost:5000

